2024-07-11 23:17:01.638 +06:00 [INF] application is starting
2024-07-11 23:17:01.798 +06:00 [INF] Server=DESKTOP-5ALLRCU\SQLEXPRESS;Database=SawariFinalProject;Trusted_Connection=True;TrustServerCertificate=True;MultipleActiveResultSets=true
2024-07-11 23:17:02.235 +06:00 [FTL] failed to start the Program
Microsoft.Extensions.Hosting.HostAbortedException: The host was aborted.
   at Microsoft.Extensions.Hosting.HostFactoryResolver.HostingListener.ThrowHostAborted()
   at Microsoft.Extensions.Hosting.HostFactoryResolver.HostingListener.OnNext(KeyValuePair`2 value)
   at System.Diagnostics.DiagnosticListener.Write(String name, Object value)
   at Microsoft.Extensions.Hosting.HostBuilder.ResolveHost(IServiceProvider serviceProvider, DiagnosticListener diagnosticListener)
   at Microsoft.Extensions.Hosting.HostApplicationBuilder.Build()
   at Microsoft.AspNetCore.Builder.WebApplicationBuilder.Build()
   at Program.<Main>$(String[] args) in C:\Users\istia\source\repos\Sawari\Sawari.Web\Program.cs:line 100
2024-07-11 23:19:12.789 +06:00 [INF] application is starting
2024-07-11 23:19:12.883 +06:00 [INF] Server=DESKTOP-5ALLRCU\SQLEXPRESS;Database=SawariFinalProject;Trusted_Connection=True;TrustServerCertificate=True;MultipleActiveResultSets=true
2024-07-11 23:19:13.109 +06:00 [FTL] failed to start the Program
Microsoft.Extensions.Hosting.HostAbortedException: The host was aborted.
   at Microsoft.Extensions.Hosting.HostFactoryResolver.HostingListener.ThrowHostAborted()
   at Microsoft.Extensions.Hosting.HostFactoryResolver.HostingListener.OnNext(KeyValuePair`2 value)
   at System.Diagnostics.DiagnosticListener.Write(String name, Object value)
   at Microsoft.Extensions.Hosting.HostBuilder.ResolveHost(IServiceProvider serviceProvider, DiagnosticListener diagnosticListener)
   at Microsoft.Extensions.Hosting.HostApplicationBuilder.Build()
   at Microsoft.AspNetCore.Builder.WebApplicationBuilder.Build()
   at Program.<Main>$(String[] args) in C:\Users\istia\source\repos\Sawari\Sawari.Web\Program.cs:line 100
2024-07-11 23:20:35.727 +06:00 [INF] application is starting
2024-07-11 23:20:37.332 +06:00 [INF] Server=DESKTOP-5ALLRCU\SQLEXPRESS;Database=SawariFinalProject;Trusted_Connection=True;TrustServerCertificate=True;MultipleActiveResultSets=true
2024-07-11 23:21:54.066 +06:00 [INF] application is starting
2024-07-11 23:21:54.544 +06:00 [INF] Server=DESKTOP-5ALLRCU\SQLEXPRESS;Database=SawariFinalProject;Trusted_Connection=True;TrustServerCertificate=True;MultipleActiveResultSets=true
2024-07-11 23:28:13.467 +06:00 [INF] application is starting
2024-07-11 23:28:13.980 +06:00 [INF] Server=DESKTOP-5ALLRCU\SQLEXPRESS;Database=SawariFinalProject;Trusted_Connection=True;TrustServerCertificate=True;MultipleActiveResultSets=true
2024-07-11 23:32:31.520 +06:00 [INF] application is starting
2024-07-11 23:32:32.041 +06:00 [INF] Server=DESKTOP-5ALLRCU\SQLEXPRESS;Database=SawariFinalProject;Trusted_Connection=True;TrustServerCertificate=True;MultipleActiveResultSets=true
2024-07-11 23:36:46.848 +06:00 [INF] application is starting
2024-07-11 23:36:48.045 +06:00 [INF] Server=DESKTOP-5ALLRCU\SQLEXPRESS;Database=SawariFinalProject;Trusted_Connection=True;TrustServerCertificate=True;MultipleActiveResultSets=true
2024-07-11 23:44:21.332 +06:00 [INF] application is starting
2024-07-11 23:44:21.710 +06:00 [INF] Server=DESKTOP-5ALLRCU\SQLEXPRESS;Database=SawariFinalProject;Trusted_Connection=True;TrustServerCertificate=True;MultipleActiveResultSets=true
2024-07-11 23:50:34.242 +06:00 [INF] application is starting
2024-07-11 23:50:34.679 +06:00 [INF] Server=DESKTOP-5ALLRCU\SQLEXPRESS;Database=SawariFinalProject;Trusted_Connection=True;TrustServerCertificate=True;MultipleActiveResultSets=true
2024-07-11 23:59:17.085 +06:00 [INF] application is starting
2024-07-11 23:59:17.499 +06:00 [INF] Server=DESKTOP-5ALLRCU\SQLEXPRESS;Database=SawariFinalProject;Trusted_Connection=True;TrustServerCertificate=True;MultipleActiveResultSets=true
2024-07-11 23:59:53.923 +06:00 [INF] application is starting
2024-07-11 23:59:54.318 +06:00 [INF] Server=DESKTOP-5ALLRCU\SQLEXPRESS;Database=SawariFinalProject;Trusted_Connection=True;TrustServerCertificate=True;MultipleActiveResultSets=true
